<?xml version="1.0" encoding="UTF-8"?>
<!-- Generated by org.testng.reporters.JUnitReportReporter -->
<testsuite skipped="0" hostname="tchietzelux-PC" name="PracticeProject.testNgAnnotation1" tests="3" failures="0" timestamp="04 Jan 2019 04:55:12 GMT" time="0.007" errors="0">
  <testcase name="testcase2" time="0.003" classname="PracticeProject.testNgAnnotation1"/>
  <testcase name="testcase1" time="0.002" classname="PracticeProject.testNgAnnotation1"/>
  <testcase name="testcase3" time="0.002" classname="PracticeProject.testNgAnnotation1"/>
</testsuite> <!-- PracticeProject.testNgAnnotation1 -->
