<?xml version="1.0" encoding="UTF-8"?>
<!-- Generated by org.testng.reporters.JUnitReportReporter -->
<testsuite skipped="0" hostname="tchietzelux-PC" name="Quantinsti.Assignment1" tests="3" failures="0" timestamp="09 Sep 2020 20:08:26 GMT" time="19.857" errors="0">
  <testcase name="openbrowser" time="4.874" classname="Quantinsti.Assignment1"/>
  <testcase name="Login" time="13.862" classname="Quantinsti.Assignment1"/>
  <testcase name="NavigatetoCourse" time="1.121" classname="Quantinsti.Assignment1"/>
</testsuite> <!-- Quantinsti.Assignment1 -->
