<?xml version="1.0" encoding="UTF-8"?>
<!-- Generated by org.testng.reporters.JUnitReportReporter -->
<testsuite skipped="0" hostname="tchietzelux-PC" name="PracticeProject.Login" tests="1" failures="0" timestamp="04 Jan 2019 04:55:12 GMT" time="10.863" errors="0">
  <testcase name="logintogmail" time="10.863" classname="PracticeProject.Login"/>
</testsuite> <!-- PracticeProject.Login -->
