<?xml version="1.0" encoding="UTF-8"?>
<!-- Generated by org.testng.reporters.JUnitReportReporter -->
<testsuite skipped="0" hostname="tchietzelux-PC" name="PracticeProject.Openbrowser" tests="1" failures="0" timestamp="03 Jan 2019 16:10:44 GMT" time="13.670" errors="0">
  <testcase name="browserOpen" time="13.670" classname="PracticeProject.Openbrowser"/>
</testsuite> <!-- PracticeProject.Openbrowser -->
