<?xml version="1.0" encoding="UTF-8"?>
<!-- Generated by org.testng.reporters.JUnitReportReporter -->
<testsuite skipped="0" hostname="tchietzelux-PC" name="PracticeProject.HomePage" tests="1" failures="0" timestamp="16 Jan 2019 07:55:43 GMT" time="12.880" errors="0">
  <testcase name="homepage" time="12.880" classname="PracticeProject.HomePage"/>
</testsuite> <!-- PracticeProject.HomePage -->
