<?xml version="1.0" encoding="UTF-8"?>
<!-- Generated by org.testng.reporters.JUnitReportReporter -->
<testsuite skipped="0" hostname="tchietzelux-PC" name="Quantinsti.AddCourse" tests="9" failures="0" timestamp="12 Sep 2020 22:04:48 GMT" time="23.914" errors="0">
  <testcase name="openbrowser" time="5.118" classname="Quantinsti.AddCourse"/>
  <testcase name="Login" time="11.002" classname="Quantinsti.AddCourse"/>
  <testcase name="NavigatetoCourse" time="0.460" classname="Quantinsti.AddCourse"/>
  <testcase name="verifyNameAndPrice" time="0.911" classname="Quantinsti.AddCourse"/>
  <testcase name="enrollAndVerifyCount" time="1.203" classname="Quantinsti.AddCourse"/>
  <testcase name="Amount" time="0.067" classname="Quantinsti.AddCourse"/>
  <testcase name="veiwDetails" time="1.252" classname="Quantinsti.AddCourse"/>
  <testcase name="RemoveCourseAndApplyCoupon" time="3.242" classname="Quantinsti.AddCourse"/>
  <testcase name="signout" time="0.659" classname="Quantinsti.AddCourse"/>
</testsuite> <!-- Quantinsti.AddCourse -->
